src/br/unicamp/ic/sed/mobilemedia/mobilephonemgr_album/impl/IManager.java
src/br/unicamp/ic/sed/mobilemedia/mobilephonemgr_album/impl/IMobilePhoneAdapter.java
src/br/unicamp/ic/sed/mobilemedia/mobilephonemgr_album/impl/ComponentFactory.java
src/br/unicamp/ic/sed/mobilemedia/mobilephonemgr_album/impl/Manager.java
src/br/unicamp/ic/sed/mobilemedia/album_mobilephonemgr/impl/IManager.java
src/br/unicamp/ic/sed/mobilemedia/album_mobilephonemgr/impl/ComponentFactory.java
src/br/unicamp/ic/sed/mobilemedia/album_mobilephonemgr/impl/Manager.java
src/br/unicamp/ic/sed/mobilemedia/album_mobilephonemgr/impl/IAlbumAdapter.java
src/br/unicamp/ic/sed/mobilemedia/photo_mobilephonemgr/impl/IManager.java
src/br/unicamp/ic/sed/mobilemedia/photo_mobilephonemgr/impl/IMobilePhoneAdapter.java
src/br/unicamp/ic/sed/mobilemedia/photo_mobilephonemgr/impl/IPhotoAdapter.java
src/br/unicamp/ic/sed/mobilemedia/photo_mobilephonemgr/impl/ComponentFactory.java
src/br/unicamp/ic/sed/mobilemedia/photo_mobilephonemgr/impl/Manager.java
src/br/unicamp/ic/sed/mobilemedia/main/spec/prov/IImageData.java
src/br/unicamp/ic/sed/mobilemedia/main/spec/prov/IMobileResources.java
src/br/unicamp/ic/sed/mobilemedia/main/impl/MainUIMidlet.java
src/br/unicamp/ic/sed/mobilemedia/filesystemmgr_mobilephonemgr/impl/IManager.java
src/br/unicamp/ic/sed/mobilemedia/filesystemmgr_mobilephonemgr/impl/IFileSystemAdapter.java
src/br/unicamp/ic/sed/mobilemedia/filesystemmgr_mobilephonemgr/impl/ComponentFactory.java
src/br/unicamp/ic/sed/mobilemedia/filesystemmgr_mobilephonemgr/impl/Manager.java
src/br/unicamp/ic/sed/mobilemedia/album/spec/req/IMobileResources.java
src/br/unicamp/ic/sed/mobilemedia/album/spec/req/IMobilePhone.java
src/br/unicamp/ic/sed/mobilemedia/album/spec/prov/IManager.java
src/br/unicamp/ic/sed/mobilemedia/album/spec/prov/IAlbum.java
src/br/unicamp/ic/sed/mobilemedia/album/spec/prov/Start.java
src/br/unicamp/ic/sed/mobilemedia/album/impl/AlbumListScreen.java
src/br/unicamp/ic/sed/mobilemedia/album/impl/NewAlbumScreen.java
src/br/unicamp/ic/sed/mobilemedia/album/impl/InternalAlbumController.java
src/br/unicamp/ic/sed/mobilemedia/album/impl/ComponentFactory.java
src/br/unicamp/ic/sed/mobilemedia/album/impl/Manager.java
src/br/unicamp/ic/sed/mobilemedia/album/impl/IAlbumFacade.java
src/br/unicamp/ic/sed/mobilemedia/mainuimidlet_album/impl/IManager.java
src/br/unicamp/ic/sed/mobilemedia/mainuimidlet_album/impl/ComponentFactory.java
src/br/unicamp/ic/sed/mobilemedia/mainuimidlet_album/impl/Manager.java
src/br/unicamp/ic/sed/mobilemedia/mainuimidlet_album/impl/IMobileResourcesAdapter.java
src/br/unicamp/ic/sed/mobilemedia/filesystemmgr/spec/dt/ImageData.java
src/br/unicamp/ic/sed/mobilemedia/filesystemmgr/spec/excep/InvalidImageFormatException.java
src/br/unicamp/ic/sed/mobilemedia/filesystemmgr/spec/excep/UnavailablePhotoAlbumException.java
src/br/unicamp/ic/sed/mobilemedia/filesystemmgr/spec/excep/InvalidArrayFormatException.java
src/br/unicamp/ic/sed/mobilemedia/filesystemmgr/spec/excep/PersistenceMechanismException.java
src/br/unicamp/ic/sed/mobilemedia/filesystemmgr/spec/excep/ImageNotFoundException.java
src/br/unicamp/ic/sed/mobilemedia/filesystemmgr/spec/excep/NullAlbumDataReference.java
src/br/unicamp/ic/sed/mobilemedia/filesystemmgr/spec/excep/InvalidImageDataException.java
src/br/unicamp/ic/sed/mobilemedia/filesystemmgr/spec/excep/ImagePathNotValidException.java
src/br/unicamp/ic/sed/mobilemedia/filesystemmgr/spec/excep/InvalidPhotoAlbumNameException.java
src/br/unicamp/ic/sed/mobilemedia/filesystemmgr/spec/prov/IManager.java
src/br/unicamp/ic/sed/mobilemedia/filesystemmgr/spec/prov/IFilesystem.java
src/br/unicamp/ic/sed/mobilemedia/filesystemmgr/impl/IFileSystemFacade.java
src/br/unicamp/ic/sed/mobilemedia/filesystemmgr/impl/ImageAccessor.java
src/br/unicamp/ic/sed/mobilemedia/filesystemmgr/impl/ComponentFactory.java
src/br/unicamp/ic/sed/mobilemedia/filesystemmgr/impl/ImageUtil.java
src/br/unicamp/ic/sed/mobilemedia/filesystemmgr/impl/AlbumData.java
src/br/unicamp/ic/sed/mobilemedia/filesystemmgr/impl/Manager.java
src/br/unicamp/ic/sed/mobilemedia/mobilephonemgr/IAdapterMobileResourcesWEH.java
src/br/unicamp/ic/sed/mobilemedia/mobilephonemgr/IAdapterMobileResources.java
src/br/unicamp/ic/sed/mobilemedia/mobilephonemgr/AManager.java
src/br/unicamp/ic/sed/mobilemedia/mobilephonemgr/spec/dt/ImageData.java
src/br/unicamp/ic/sed/mobilemedia/mobilephonemgr/spec/dt/Command.java
src/br/unicamp/ic/sed/mobilemedia/mobilephonemgr/spec/req/IAlbum.java
src/br/unicamp/ic/sed/mobilemedia/mobilephonemgr/spec/req/IFilesystem.java
src/br/unicamp/ic/sed/mobilemedia/mobilephonemgr/spec/req/IMobileResources.java
src/br/unicamp/ic/sed/mobilemedia/mobilephonemgr/spec/req/IPhoto.java
src/br/unicamp/ic/sed/mobilemedia/mobilephonemgr/spec/excep/InvalidImageFormatException.java
src/br/unicamp/ic/sed/mobilemedia/mobilephonemgr/spec/excep/UnavailablePhotoAlbumException.java
src/br/unicamp/ic/sed/mobilemedia/mobilephonemgr/spec/excep/InvalidArrayFormatException.java
src/br/unicamp/ic/sed/mobilemedia/mobilephonemgr/spec/excep/PersistenceMechanismException.java
src/br/unicamp/ic/sed/mobilemedia/mobilephonemgr/spec/excep/ImageNotFoundException.java
src/br/unicamp/ic/sed/mobilemedia/mobilephonemgr/spec/excep/NullAlbumDataReference.java
src/br/unicamp/ic/sed/mobilemedia/mobilephonemgr/spec/excep/InvalidImageDataException.java
src/br/unicamp/ic/sed/mobilemedia/mobilephonemgr/spec/excep/ImagePathNotValidException.java
src/br/unicamp/ic/sed/mobilemedia/mobilephonemgr/spec/excep/InvalidPhotoAlbumNameException.java
src/br/unicamp/ic/sed/mobilemedia/mobilephonemgr/spec/prov/IManager.java
src/br/unicamp/ic/sed/mobilemedia/mobilephonemgr/spec/prov/IMobilePhone.java
src/br/unicamp/ic/sed/mobilemedia/mobilephonemgr/IAdapterFilesystem.java
src/br/unicamp/ic/sed/mobilemedia/mobilephonemgr/mobilephonecontroller/dt/Constants.java
src/br/unicamp/ic/sed/mobilemedia/mobilephonemgr/mobilephonecontroller/spec/dt/ImageData.java
src/br/unicamp/ic/sed/mobilemedia/mobilephonemgr/mobilephonecontroller/spec/dt/Command.java
src/br/unicamp/ic/sed/mobilemedia/mobilephonemgr/mobilephonecontroller/spec/req/IExceptionsHandlerCtr.java
src/br/unicamp/ic/sed/mobilemedia/mobilephonemgr/mobilephonecontroller/spec/req/IMobileResourcesCtr.java
src/br/unicamp/ic/sed/mobilemedia/mobilephonemgr/mobilephonecontroller/spec/req/IAlbumCtr.java
src/br/unicamp/ic/sed/mobilemedia/mobilephonemgr/mobilephonecontroller/spec/req/IFilesystemCtr.java
src/br/unicamp/ic/sed/mobilemedia/mobilephonemgr/mobilephonecontroller/spec/req/IPhotoCtr.java
src/br/unicamp/ic/sed/mobilemedia/mobilephonemgr/mobilephonecontroller/spec/excep/InvalidImageFormatException.java
src/br/unicamp/ic/sed/mobilemedia/mobilephonemgr/mobilephonecontroller/spec/excep/UnavailablePhotoAlbumException.java
src/br/unicamp/ic/sed/mobilemedia/mobilephonemgr/mobilephonecontroller/spec/excep/InvalidArrayFormatException.java
src/br/unicamp/ic/sed/mobilemedia/mobilephonemgr/mobilephonecontroller/spec/excep/PersistenceMechanismException.java
src/br/unicamp/ic/sed/mobilemedia/mobilephonemgr/mobilephonecontroller/spec/excep/ImageNotFoundException.java
src/br/unicamp/ic/sed/mobilemedia/mobilephonemgr/mobilephonecontroller/spec/excep/NullAlbumDataReference.java
src/br/unicamp/ic/sed/mobilemedia/mobilephonemgr/mobilephonecontroller/spec/excep/InvalidImageDataException.java
src/br/unicamp/ic/sed/mobilemedia/mobilephonemgr/mobilephonecontroller/spec/excep/ImagePathNotValidException.java
src/br/unicamp/ic/sed/mobilemedia/mobilephonemgr/mobilephonecontroller/spec/excep/InvalidPhotoAlbumNameException.java
src/br/unicamp/ic/sed/mobilemedia/mobilephonemgr/mobilephonecontroller/spec/prov/IMobilePhoneCtr.java
src/br/unicamp/ic/sed/mobilemedia/mobilephonemgr/mobilephonecontroller/impl/BaseController.java
src/br/unicamp/ic/sed/mobilemedia/mobilephonemgr/mobilephonecontroller/impl/ControllerInterface.java
src/br/unicamp/ic/sed/mobilemedia/mobilephonemgr/mobilephonecontroller/impl/IMobilePhoneMgrFacade.java
src/br/unicamp/ic/sed/mobilemedia/mobilephonemgr/mobilephonecontroller/impl/ComponentFactory.java
src/br/unicamp/ic/sed/mobilemedia/mobilephonemgr/mobilephonecontroller/impl/Manager.java
src/br/unicamp/ic/sed/mobilemedia/mobilephonemgr/IAdapterAlbum.java
src/br/unicamp/ic/sed/mobilemedia/mobilephonemgr/AManagerComposite.java
src/br/unicamp/ic/sed/mobilemedia/mobilephonemgr/IAdapterPhoto.java
src/br/unicamp/ic/sed/mobilemedia/mobilephonemgr/ComponentFactory.java
src/br/unicamp/ic/sed/mobilemedia/mobilephonemgr/Manager.java
src/br/unicamp/ic/sed/mobilemedia/mobilephonemgr/warningexceptionhandler/spec/req/IMobileResourcesWEH.java
src/br/unicamp/ic/sed/mobilemedia/mobilephonemgr/warningexceptionhandler/spec/prov/IExceptionsHandlerCtr.java
src/br/unicamp/ic/sed/mobilemedia/mobilephonemgr/warningexceptionhandler/impl/WarningExceptionHandler.java
src/br/unicamp/ic/sed/mobilemedia/mobilephonemgr/warningexceptionhandler/impl/IExceptionHandlerFacade.java
src/br/unicamp/ic/sed/mobilemedia/mobilephonemgr/warningexceptionhandler/impl/ComponentFactory.java
src/br/unicamp/ic/sed/mobilemedia/mobilephonemgr/warningexceptionhandler/impl/Manager.java
src/br/unicamp/ic/sed/mobilemedia/mobilephonemgr/IMobilePhoneFacade.java
src/br/unicamp/ic/sed/mobilemedia/mobilephonemgr/warningexceptionshandler_mobilephonemgr/impl/IExceptionsHandlerAdapter.java
src/br/unicamp/ic/sed/mobilemedia/mobilephonemgr/warningexceptionshandler_mobilephonemgr/impl/ComponentFactory.java
src/br/unicamp/ic/sed/mobilemedia/mobilephonemgr/warningexceptionshandler_mobilephonemgr/impl/Manager.java
src/br/unicamp/ic/sed/mobilemedia/photo/dt/Constants.java
src/br/unicamp/ic/sed/mobilemedia/photo/spec/dt/Image.java
src/br/unicamp/ic/sed/mobilemedia/photo/spec/dt/Command.java
src/br/unicamp/ic/sed/mobilemedia/photo/spec/req/IMobileResources.java
src/br/unicamp/ic/sed/mobilemedia/photo/spec/req/IMobilePhone.java
src/br/unicamp/ic/sed/mobilemedia/photo/spec/prov/IManager.java
src/br/unicamp/ic/sed/mobilemedia/photo/spec/prov/IPhoto.java
src/br/unicamp/ic/sed/mobilemedia/photo/impl/AddPhotoToAlbum.java
src/br/unicamp/ic/sed/mobilemedia/photo/impl/PhotoListScreen.java
src/br/unicamp/ic/sed/mobilemedia/photo/impl/NewLabelScreen.java
src/br/unicamp/ic/sed/mobilemedia/photo/impl/IPhotoFacade.java
src/br/unicamp/ic/sed/mobilemedia/photo/impl/ComponentFactory.java
src/br/unicamp/ic/sed/mobilemedia/photo/impl/PhotoViewScreen.java
src/br/unicamp/ic/sed/mobilemedia/photo/impl/Manager.java
src/br/unicamp/ic/sed/mobilemedia/photo/impl/PhotoController.java
src/br/unicamp/ic/sed/mobilemedia/mainuimidlet_photo/impl/IManager.java
src/br/unicamp/ic/sed/mobilemedia/mainuimidlet_photo/impl/ComponentFactory.java
src/br/unicamp/ic/sed/mobilemedia/mainuimidlet_photo/impl/Manager.java
src/br/unicamp/ic/sed/mobilemedia/mainuimidlet_photo/impl/IMobileResourcesAdapter.java
src/br/unicamp/ic/sed/mobilemedia/mainuimidlet_mobilephonemgr/impl/IManager.java
src/br/unicamp/ic/sed/mobilemedia/mainuimidlet_mobilephonemgr/impl/ComponentFactory.java
src/br/unicamp/ic/sed/mobilemedia/mainuimidlet_mobilephonemgr/impl/Manager.java
src/br/unicamp/ic/sed/mobilemedia/mainuimidlet_mobilephonemgr/impl/IMobileResourcesAdapter.java
